A51 MACRO ASSEMBLER  MAIN2                                                                03/22/2024 16:19:55 PAGE     1


MACRO ASSEMBLER A51 V8.2.7.0
OBJECT MODULE PLACED IN .\Objects\main2.obj
ASSEMBLER INVOKED BY: C:\Keil_v5\C51\BIN\A51.EXE main2.asm SET(SMALL) DEBUG PRINT(.\Listings\main2.lst) OBJECT(.\Objects
                      \main2.obj) EP

LOC  OBJ            LINE     SOURCE

0000                   1     ORG 0
0000 020030            2     LJMP MAIN
000B                   3     ORG 000BH ;ISR for timer 0
000B B2B6              4     CPL P3.6 ;toggle P3.6
000D 32                5     RETI ;return from ISR
0023                   6     ORG 23H ;
0023 020100            7     LJMP SERIAL ;jump to serial interrupt ISR
0030                   8     ORG 30H
0030 75A0FF            9     MAIN: MOV P2,#0FFH ;make P2 an input port
0033 758922           10     MOV TMOD,#22H;timer 1,mode 2(auto reload)
0036 758DFD           11     MOV TH1,#0FDH;9600 baud rate
0039 759850           12     MOV SCON,#50H;8-bit, 1 stop, ren enabled
003C 758C19           13     MOV TH0,#-231 ;for 2kHZ wave
003F 75A892           14     MOV IE,#10010010B ;enable serial int.
0042 D28E             15     SETB TR1 ;start timer 1
0044 D28C             16     SETB TR0 ;start timer 0
0046 E5A0             17     BACK: MOV A,P2 ;read data from port 2 
0048 F599             18     MOV SBUF,A ;give a copy to SBUF
004A F580             19     MOV P0,A ;send it to P0
004C 80F8             20     SJMP BACK ;stay in loop indefinitely
                      21     ;-----------------SERIAL PORT ISR
0100                  22     ORG 100H
0100 209907           23     SERIAL:JB TI,TRANS;jump if TI is high
0103 E599             24     MOV A,SBUF ;otherwise due to receive
0105 F590             25     MOV P1,A ;send serial data to P1
0107 C298             26     CLR RI ;clear RI since CPU doesn’t 
0109 32               27     RETI ;return from ISR
010A C299             28     TRANS: CLR TI ;clear TI since CPU doesn’t 
010C 32               29     RETI ;return from ISR
                      30     END
A51 MACRO ASSEMBLER  MAIN2                                                                03/22/2024 16:19:55 PAGE     2

SYMBOL TABLE LISTING
------ ----- -------


N A M E             T Y P E  V A L U E   ATTRIBUTES

BACK . . . . . . .  C ADDR   0046H   A   
IE . . . . . . . .  D ADDR   00A8H   A   
MAIN . . . . . . .  C ADDR   0030H   A   
P0 . . . . . . . .  D ADDR   0080H   A   
P1 . . . . . . . .  D ADDR   0090H   A   
P2 . . . . . . . .  D ADDR   00A0H   A   
P3 . . . . . . . .  D ADDR   00B0H   A   
RI . . . . . . . .  B ADDR   0098H.0 A   
SBUF . . . . . . .  D ADDR   0099H   A   
SCON . . . . . . .  D ADDR   0098H   A   
SERIAL . . . . . .  C ADDR   0100H   A   
TH0. . . . . . . .  D ADDR   008CH   A   
TH1. . . . . . . .  D ADDR   008DH   A   
TI . . . . . . . .  B ADDR   0098H.1 A   
TMOD . . . . . . .  D ADDR   0089H   A   
TR0. . . . . . . .  B ADDR   0088H.4 A   
TR1. . . . . . . .  B ADDR   0088H.6 A   
TRANS. . . . . . .  C ADDR   010AH   A   


REGISTER BANK(S) USED: 0 


ASSEMBLY COMPLETE.  0 WARNING(S), 0 ERROR(S)
