A51 MACRO ASSEMBLER  T1                                                                   05/02/2024 03:36:44 PAGE     1


MACRO ASSEMBLER A51 V8.2.7.0
OBJECT MODULE PLACED IN .\Objects\t1.obj
ASSEMBLER INVOKED BY: C:\Keil_v5\C51\BIN\A51.EXE t1.asm SET(SMALL) DEBUG PRINT(.\Listings\t1.lst) OBJECT(.\Objects\t1.ob
                      j) EP

LOC  OBJ            LINE     SOURCE

0000                   1     ORG 0000H
0000 758901            2     MOV TMOD,#01H
0003 758CFC            3     HERE: MOV TH0,#0FCH
0006 758A66            4     MOV TL0,#66H
0009 B293              5     CPL P1.3
000B 110F              6     ACALL DELAY
000D 80F4              7     SJMP HERE
                       8     
000F D28C              9     DELAY: SETB TR0
0011 308DFD           10     LOOP: JNB TF0,LOOP
0014 C28C             11     CLR TR0
0016 C28D             12     CLR TF0
0018 22               13     RET
                      14     
                      15     END
A51 MACRO ASSEMBLER  T1                                                                   05/02/2024 03:36:44 PAGE     2

SYMBOL TABLE LISTING
------ ----- -------


N A M E             T Y P E  V A L U E   ATTRIBUTES

DELAY. . . . . . .  C ADDR   000FH   A   
HERE . . . . . . .  C ADDR   0003H   A   
LOOP . . . . . . .  C ADDR   0011H   A   
P1 . . . . . . . .  D ADDR   0090H   A   
TF0. . . . . . . .  B ADDR   0088H.5 A   
TH0. . . . . . . .  D ADDR   008CH   A   
TL0. . . . . . . .  D ADDR   008AH   A   
TMOD . . . . . . .  D ADDR   0089H   A   
TR0. . . . . . . .  B ADDR   0088H.4 A   


REGISTER BANK(S) USED: 0 


ASSEMBLY COMPLETE.  0 WARNING(S), 0 ERROR(S)
